<?xml version="1.0" encoding="UTF-8"?>
<!-- Generated by org.testng.reporters.JUnitXMLReporter -->
<testsuite ignored="0" hostname="sonal-X556UQK" failures="0" tests="7" name="Hub International Test Automation" time="0.065" errors="0" timestamp="2022-08-30T13:20:26 IST">
  <testcase classname="com.hubinternational.qa.testcases.SanityTest" name="@BeforeTest setUp" time="0.005">
    <failure type="java.lang.NullPointerException">
      <![CDATA[java.lang.NullPointerException
at com.hubinternational.qa.base.TestBase.initialization(TestBase.java:44)
at com.hubinternational.qa.testcases.SanityTest.setUp(SanityTest.java:41)
... Removed 24 stack frames]]>
    </failure>
  </testcase> <!-- @BeforeTest setUp -->
  <testcase classname="com.hubinternational.qa.testcases.SanityTest" name="@AfterTest tearDown" time="-1.661845826077E9">
    <skipped/>
  </testcase> <!-- @AfterTest tearDown -->
  <testcase classname="com.hubinternational.qa.testcases.SanityTest" name="hubLogoTest" time="0.0">
    <skipped/>
  </testcase> <!-- hubLogoTest -->
  <testcase classname="com.hubinternational.qa.testcases.SanityTest" name="agribusinessPageTest" time="0.0">
    <skipped/>
  </testcase> <!-- agribusinessPageTest -->
  <testcase classname="com.hubinternational.qa.testcases.SanityTest" name="commercialPropertyPageTest" time="0.0">
    <skipped/>
  </testcase> <!-- commercialPropertyPageTest -->
  <testcase classname="com.hubinternational.qa.testcases.SanityTest" name="insightsPageTest" time="0.0">
    <skipped/>
  </testcase> <!-- insightsPageTest -->
  <testcase classname="com.hubinternational.qa.testcases.SanityTest" name="officesPageTest" time="0.0">
    <skipped/>
  </testcase> <!-- officesPageTest -->
  <testcase classname="com.hubinternational.qa.testcases.SanityTest" name="searchPageTest" time="0.0">
    <skipped/>
  </testcase> <!-- searchPageTest -->
  <testcase classname="com.hubinternational.qa.testcases.SanityTest" name="careersPageTest" time="0.0">
    <skipped/>
  </testcase> <!-- careersPageTest -->
</testsuite> <!-- Hub International Test Automation -->
