<?xml version="1.0" encoding="UTF-8"?>
<!-- Generated by org.testng.reporters.JUnitXMLReporter -->
<testsuite ignored="0" hostname="sonal-X556UQK" failures="0" tests="7" name="Default test" time="169.459" errors="0" timestamp="2022-05-09T19:29:40 IST">
  <testcase classname="com.hubinternational.qa.testcases.SanityTest" name="hubLogoTest" time="5.647"/>
  <testcase classname="com.hubinternational.qa.testcases.SanityTest" name="agribusinessPageTest" time="20.235"/>
  <testcase classname="com.hubinternational.qa.testcases.SanityTest" name="commercialPropertyPageTest" time="12.091"/>
  <testcase classname="com.hubinternational.qa.testcases.SanityTest" name="insightsPageTest" time="41.804"/>
  <testcase classname="com.hubinternational.qa.testcases.SanityTest" name="officesPageTest" time="9.156"/>
  <testcase classname="com.hubinternational.qa.testcases.SanityTest" name="searchPageTest" time="19.965"/>
  <testcase classname="com.hubinternational.qa.testcases.SanityTest" name="careersPageTest" time="28.727"/>
</testsuite> <!-- Default test -->
